{"/home/pepo/projects/uprtcl/js-uprtcl-server/src/middleware/apiDocs.ts": {"path":"/home/pepo/projects/uprtcl/js-uprtcl-server/src/middleware/apiDocs.ts","statementMap":{"0":{"start":{"line":2,"column":0},"end":{"line":2,"column":43}},"1":{"start":{"line":3,"column":0},"end":{"line":3,"column":53}},"2":{"start":{"line":5,"column":13},"end":{"line":6,"column":77}},"3":{"start":{"line":6,"column":2},"end":{"line":6,"column":76}}},"fnMap":{"0":{"name":"(anonymous_1)","decl":{"start":{"line":5,"column":29},"end":{"line":5,"column":30}},"loc":{"start":{"line":6,"column":2},"end":{"line":6,"column":76}}}},"branchMap":{},"s":{"0":1,"1":1,"2":1,"3":3},"f":{"0":3},"b":{}}
,"/home/pepo/projects/uprtcl/js-uprtcl-server/src/middleware/checks.ts": {"path":"/home/pepo/projects/uprtcl/js-uprtcl-server/src/middleware/checks.ts","statementMap":{"0":{"start":{"line":2,"column":0},"end":{"line":2,"column":51}},"1":{"start":{"line":4,"column":13},"end":{"line":14,"column":2}},"2":{"start":{"line":9,"column":2},"end":{"line":13,"column":null}},"3":{"start":{"line":10,"column":4},"end":{"line":10,"column":50}},"4":{"start":{"line":12,"column":4},"end":{"line":12,"column":11}}},"fnMap":{"0":{"name":"(anonymous_0)","decl":{"start":{"line":4,"column":33},"end":{"line":4,"column":null}},"loc":{"start":{"line":8,"column":4},"end":{"line":14,"column":1}}}},"branchMap":{"0":{"loc":{"start":{"line":9,"column":2},"end":{"line":13,"column":null}},"type":"if","locations":[{"start":{"line":9,"column":2},"end":{"line":13,"column":null}},{"start":{"line":9,"column":2},"end":{"line":13,"column":null}}]}},"s":{"0":1,"1":1,"2":2,"3":1,"4":1},"f":{"0":2},"b":{"0":[1,1]}}
,"/home/pepo/projects/uprtcl/js-uprtcl-server/src/middleware/common.ts": {"path":"/home/pepo/projects/uprtcl/js-uprtcl-server/src/middleware/common.ts","statementMap":{"0":{"start":{"line":2,"column":0},"end":{"line":2,"column":24}},"1":{"start":{"line":3,"column":0},"end":{"line":3,"column":33}},"2":{"start":{"line":4,"column":0},"end":{"line":4,"column":38}},"3":{"start":{"line":6,"column":13},"end":{"line":7,"column":56}},"4":{"start":{"line":7,"column":2},"end":{"line":7,"column":55}},"5":{"start":{"line":9,"column":13},"end":{"line":12,"column":2}},"6":{"start":{"line":10,"column":2},"end":{"line":10,"column":52}},"7":{"start":{"line":11,"column":2},"end":{"line":11,"column":28}},"8":{"start":{"line":14,"column":13},"end":{"line":16,"column":2}},"9":{"start":{"line":15,"column":2},"end":{"line":15,"column":28}}},"fnMap":{"0":{"name":"(anonymous_1)","decl":{"start":{"line":6,"column":26},"end":{"line":6,"column":27}},"loc":{"start":{"line":7,"column":2},"end":{"line":7,"column":55}}},"1":{"name":"(anonymous_2)","decl":{"start":{"line":9,"column":40},"end":{"line":9,"column":41}},"loc":{"start":{"line":9,"column":59},"end":{"line":12,"column":1}}},"2":{"name":"(anonymous_3)","decl":{"start":{"line":14,"column":33},"end":{"line":14,"column":34}},"loc":{"start":{"line":14,"column":52},"end":{"line":16,"column":1}}}},"branchMap":{},"s":{"0":1,"1":1,"2":1,"3":1,"4":3,"5":1,"6":3,"7":3,"8":1,"9":3},"f":{"0":3,"1":3,"2":3},"b":{}}
,"/home/pepo/projects/uprtcl/js-uprtcl-server/src/middleware/errorHandlers.ts": {"path":"/home/pepo/projects/uprtcl/js-uprtcl-server/src/middleware/errorHandlers.ts","statementMap":{"0":{"start":{"line":2,"column":0},"end":{"line":2,"column":54}},"1":{"start":{"line":4,"column":23},"end":{"line":8,"column":1}},"2":{"start":{"line":5,"column":2},"end":{"line":7,"column":5}},"3":{"start":{"line":6,"column":4},"end":{"line":6,"column":33}},"4":{"start":{"line":10,"column":26},"end":{"line":14,"column":1}},"5":{"start":{"line":11,"column":2},"end":{"line":13,"column":5}},"6":{"start":{"line":12,"column":4},"end":{"line":12,"column":45}},"7":{"start":{"line":16,"column":26},"end":{"line":20,"column":1}},"8":{"start":{"line":17,"column":2},"end":{"line":19,"column":5}},"9":{"start":{"line":18,"column":4},"end":{"line":18,"column":45}},"10":{"start":{"line":22,"column":0},"end":{"line":22,"column":70}}},"fnMap":{"0":{"name":"(anonymous_1)","decl":{"start":{"line":4,"column":23},"end":{"line":4,"column":24}},"loc":{"start":{"line":4,"column":42},"end":{"line":8,"column":1}}},"1":{"name":"(anonymous_2)","decl":{"start":{"line":5,"column":13},"end":{"line":5,"column":14}},"loc":{"start":{"line":5,"column":45},"end":{"line":7,"column":3}}},"2":{"name":"(anonymous_3)","decl":{"start":{"line":10,"column":26},"end":{"line":10,"column":27}},"loc":{"start":{"line":10,"column":45},"end":{"line":14,"column":1}}},"3":{"name":"(anonymous_4)","decl":{"start":{"line":11,"column":13},"end":{"line":11,"column":14}},"loc":{"start":{"line":11,"column":77},"end":{"line":13,"column":3}}},"4":{"name":"(anonymous_5)","decl":{"start":{"line":16,"column":26},"end":{"line":16,"column":27}},"loc":{"start":{"line":16,"column":45},"end":{"line":20,"column":1}}},"5":{"name":"(anonymous_6)","decl":{"start":{"line":17,"column":13},"end":{"line":17,"column":14}},"loc":{"start":{"line":17,"column":77},"end":{"line":19,"column":3}}}},"branchMap":{},"s":{"0":1,"1":1,"2":3,"3":1,"4":1,"5":3,"6":2,"7":1,"8":3,"9":0,"10":1},"f":{"0":3,"1":1,"2":3,"3":2,"4":3,"5":0},"b":{}}
,"/home/pepo/projects/uprtcl/js-uprtcl-server/src/middleware/index.ts": {"path":"/home/pepo/projects/uprtcl/js-uprtcl-server/src/middleware/index.ts","statementMap":{"0":{"start":{"line":1,"column":0},"end":{"line":1,"column":null}},"1":{"start":{"line":7,"column":0},"end":{"line":7,"column":42}},"2":{"start":{"line":9,"column":0},"end":{"line":9,"column":88}}},"fnMap":{},"branchMap":{},"s":{"0":1,"1":1,"2":1},"f":{},"b":{}}
,"/home/pepo/projects/uprtcl/js-uprtcl-server/src/services/search/SearchController.ts": {"path":"/home/pepo/projects/uprtcl/js-uprtcl-server/src/services/search/SearchController.ts","statementMap":{"0":{"start":{"line":1,"column":0},"end":{"line":1,"column":61}},"1":{"start":{"line":3,"column":13},"end":{"line":12,"column":2}},"2":{"start":{"line":3,"column":51},"end":{"line":12,"column":2}},"3":{"start":{"line":4,"column":2},"end":{"line":9,"column":null}},"4":{"start":{"line":5,"column":4},"end":{"line":8,"column":6}},"5":{"start":{"line":11,"column":2},"end":{"line":11,"column":28}}},"fnMap":{"0":{"name":"(anonymous_7)","decl":{"start":{"line":3,"column":31},"end":{"line":3,"column":38}},"loc":{"start":{"line":3,"column":51},"end":{"line":12,"column":2}}},"1":{"name":"(anonymous_8)","decl":{"start":{"line":3,"column":51},"end":{"line":3,"column":null}},"loc":{"start":{"line":3,"column":51},"end":{"line":12,"column":1}}}},"branchMap":{"0":{"loc":{"start":{"line":4,"column":2},"end":{"line":9,"column":null}},"type":"if","locations":[{"start":{"line":4,"column":2},"end":{"line":9,"column":null}},{"start":{"line":4,"column":2},"end":{"line":9,"column":null}}]}},"s":{"0":1,"1":1,"2":1,"3":1,"4":0,"5":1},"f":{"0":1,"1":1},"b":{"0":[0,1]}}
,"/home/pepo/projects/uprtcl/js-uprtcl-server/src/services/search/routes.ts": {"path":"/home/pepo/projects/uprtcl/js-uprtcl-server/src/services/search/routes.ts","statementMap":{"0":{"start":{"line":2,"column":0},"end":{"line":2,"column":53}},"1":{"start":{"line":3,"column":0},"end":{"line":3,"column":60}},"2":{"start":{"line":5,"column":0},"end":{"line":17,"column":2}},"3":{"start":{"line":11,"column":50},"end":{"line":14,"column":null}},"4":{"start":{"line":12,"column":23},"end":{"line":12,"column":53}},"5":{"start":{"line":13,"column":8},"end":{"line":13,"column":37}}},"fnMap":{"0":{"name":"(anonymous_7)","decl":{"start":{"line":11,"column":6},"end":{"line":11,"column":13}},"loc":{"start":{"line":11,"column":50},"end":{"line":14,"column":null}}},"1":{"name":"(anonymous_8)","decl":{"start":{"line":11,"column":50},"end":{"line":11,"column":null}},"loc":{"start":{"line":11,"column":50},"end":{"line":14,"column":7}}}},"branchMap":{},"s":{"0":1,"1":1,"2":1,"3":1,"4":1,"5":1},"f":{"0":1,"1":1},"b":{}}
,"/home/pepo/projects/uprtcl/js-uprtcl-server/src/services/search/providers/OpenCageDataProvider.ts": {"path":"/home/pepo/projects/uprtcl/js-uprtcl-server/src/services/search/providers/OpenCageDataProvider.ts","statementMap":{"0":{"start":{"line":1,"column":0},"end":{"line":1,"column":38}},"1":{"start":{"line":2,"column":0},"end":{"line":2,"column":28}},"2":{"start":{"line":4,"column":0},"end":{"line":4,"column":16}},"3":{"start":{"line":6,"column":13},"end":{"line":11,"column":2}},"4":{"start":{"line":6,"column":49},"end":{"line":11,"column":2}},"5":{"start":{"line":7,"column":14},"end":{"line":7,"column":44}},"6":{"start":{"line":8,"column":14},"end":{"line":8,"column":111}},"7":{"start":{"line":9,"column":19},"end":{"line":9,"column":37}},"8":{"start":{"line":10,"column":2},"end":{"line":10,"column":30}}},"fnMap":{"0":{"name":"(anonymous_8)","decl":{"start":{"line":6,"column":25},"end":{"line":6,"column":32}},"loc":{"start":{"line":6,"column":49},"end":{"line":11,"column":2}}},"1":{"name":"(anonymous_9)","decl":{"start":{"line":6,"column":49},"end":{"line":6,"column":null}},"loc":{"start":{"line":6,"column":49},"end":{"line":11,"column":1}}}},"branchMap":{},"s":{"0":2,"1":2,"2":2,"3":2,"4":3,"5":3,"6":3,"7":3,"8":3},"f":{"0":3,"1":3},"b":{}}
,"/home/pepo/projects/uprtcl/js-uprtcl-server/src/utils/ErrorHandler.ts": {"path":"/home/pepo/projects/uprtcl/js-uprtcl-server/src/utils/ErrorHandler.ts","statementMap":{"0":{"start":{"line":2,"column":0},"end":{"line":2,"column":68}},"1":{"start":{"line":4,"column":13},"end":{"line":6,"column":2}},"2":{"start":{"line":5,"column":2},"end":{"line":5,"column":46}},"3":{"start":{"line":8,"column":13},"end":{"line":15,"column":2}},"4":{"start":{"line":9,"column":2},"end":{"line":14,"column":null}},"5":{"start":{"line":10,"column":4},"end":{"line":10,"column":22}},"6":{"start":{"line":11,"column":4},"end":{"line":11,"column":49}},"7":{"start":{"line":13,"column":4},"end":{"line":13,"column":14}},"8":{"start":{"line":17,"column":13},"end":{"line":24,"column":2}},"9":{"start":{"line":18,"column":2},"end":{"line":18,"column":21}},"10":{"start":{"line":19,"column":2},"end":{"line":23,"column":null}},"11":{"start":{"line":20,"column":4},"end":{"line":20,"column":50}},"12":{"start":{"line":22,"column":4},"end":{"line":22,"column":36}}},"fnMap":{"0":{"name":"(anonymous_0)","decl":{"start":{"line":4,"column":29},"end":{"line":4,"column":32}},"loc":{"start":{"line":4,"column":34},"end":{"line":6,"column":1}}},"1":{"name":"(anonymous_1)","decl":{"start":{"line":8,"column":27},"end":{"line":8,"column":28}},"loc":{"start":{"line":8,"column":77},"end":{"line":15,"column":1}}},"2":{"name":"(anonymous_2)","decl":{"start":{"line":17,"column":27},"end":{"line":17,"column":28}},"loc":{"start":{"line":17,"column":77},"end":{"line":24,"column":1}}}},"branchMap":{"0":{"loc":{"start":{"line":9,"column":2},"end":{"line":14,"column":null}},"type":"if","locations":[{"start":{"line":9,"column":2},"end":{"line":14,"column":null}},{"start":{"line":9,"column":2},"end":{"line":14,"column":null}}]},"1":{"loc":{"start":{"line":19,"column":2},"end":{"line":23,"column":null}},"type":"if","locations":[{"start":{"line":19,"column":2},"end":{"line":23,"column":null}},{"start":{"line":19,"column":2},"end":{"line":23,"column":null}}]}},"s":{"0":1,"1":1,"2":1,"3":1,"4":2,"5":2,"6":2,"7":0,"8":1,"9":0,"10":0,"11":0,"12":0},"f":{"0":1,"1":2,"2":0},"b":{"0":[2,0],"1":[0,0]}}
,"/home/pepo/projects/uprtcl/js-uprtcl-server/src/utils/httpErrors.ts": {"path":"/home/pepo/projects/uprtcl/js-uprtcl-server/src/utils/httpErrors.ts","statementMap":{"0":{"start":{"line":6,"column":4},"end":{"line":10,"column":null}},"1":{"start":{"line":7,"column":6},"end":{"line":7,"column":37}},"2":{"start":{"line":9,"column":6},"end":{"line":9,"column":21}},"3":{"start":{"line":11,"column":4},"end":{"line":11,"column":38}},"4":{"start":{"line":12,"column":4},"end":{"line":12,"column":52}},"5":{"start":{"line":1,"column":0},"end":{"line":1,"column":22}},"6":{"start":{"line":20,"column":4},"end":{"line":20,"column":19}},"7":{"start":{"line":17,"column":11},"end":{"line":17,"column":28}},"8":{"start":{"line":16,"column":0},"end":{"line":16,"column":13}},"9":{"start":{"line":28,"column":4},"end":{"line":28,"column":19}},"10":{"start":{"line":25,"column":11},"end":{"line":25,"column":28}},"11":{"start":{"line":24,"column":0},"end":{"line":24,"column":13}}},"fnMap":{"0":{"name":"(anonymous_0)","decl":{"start":{"line":5,"column":2},"end":{"line":5,"column":14}},"loc":{"start":{"line":5,"column":38},"end":{"line":13,"column":3}}},"1":{"name":"(anonymous_1)","decl":{"start":{"line":19,"column":2},"end":{"line":19,"column":14}},"loc":{"start":{"line":19,"column":54},"end":{"line":21,"column":3}}},"2":{"name":"(anonymous_2)","decl":{"start":{"line":27,"column":2},"end":{"line":27,"column":14}},"loc":{"start":{"line":27,"column":52},"end":{"line":29,"column":3}}}},"branchMap":{"0":{"loc":{"start":{"line":6,"column":4},"end":{"line":10,"column":null}},"type":"if","locations":[{"start":{"line":6,"column":4},"end":{"line":10,"column":null}},{"start":{"line":6,"column":4},"end":{"line":10,"column":null}}]},"1":{"loc":{"start":{"line":19,"column":41},"end":{"line":19,"column":54}},"type":"default-arg","locations":[{"start":{"line":19,"column":41},"end":{"line":19,"column":54}}]},"2":{"loc":{"start":{"line":27,"column":41},"end":{"line":27,"column":52}},"type":"default-arg","locations":[{"start":{"line":27,"column":41},"end":{"line":27,"column":52}}]}},"s":{"0":2,"1":0,"2":2,"3":2,"4":2,"5":1,"6":1,"7":1,"8":1,"9":1,"10":1,"11":1},"f":{"0":2,"1":1,"2":1},"b":{"0":[0,2],"1":[0],"2":[0]}}
,"/home/pepo/projects/uprtcl/js-uprtcl-server/src/utils/index.ts": {"path":"/home/pepo/projects/uprtcl/js-uprtcl-server/src/utils/index.ts","statementMap":{"0":{"start":{"line":5,"column":13},"end":{"line":12,"column":2}},"1":{"start":{"line":9,"column":2},"end":{"line":11,"column":null}},"2":{"start":{"line":10,"column":4},"end":{"line":10,"column":20}},"3":{"start":{"line":26,"column":13},"end":{"line":31,"column":2}},"4":{"start":{"line":27,"column":2},"end":{"line":30,"column":null}},"5":{"start":{"line":28,"column":38},"end":{"line":28,"column":43}},"6":{"start":{"line":29,"column":5},"end":{"line":29,"column":43}}},"fnMap":{"0":{"name":"(anonymous_0)","decl":{"start":{"line":5,"column":31},"end":{"line":5,"column":null}},"loc":{"start":{"line":8,"column":4},"end":{"line":12,"column":1}}},"1":{"name":"(anonymous_1)","decl":{"start":{"line":26,"column":27},"end":{"line":26,"column":28}},"loc":{"start":{"line":26,"column":63},"end":{"line":31,"column":1}}}},"branchMap":{},"s":{"0":1,"1":6,"2":21,"3":1,"4":3,"5":3,"6":3},"f":{"0":6,"1":3},"b":{}}
}
